[debug] ----------------------------------------------------------------------
[debug] Command:      /home/jordan/.nvm/versions/node/v7.10.0/bin/node /home/jordan/.nvm/versions/node/v7.10.0/bin/firebase deploy
[debug] CLI Version:  3.9.0
[debug] Platform:     linux
[debug] Node Version: v7.10.0
[debug] Time:         Sat May 20 2017 15:36:59 GMT-0400 (EDT)
[debug] ----------------------------------------------------------------------
[debug] 
[debug] > command requires scopes: ["email","openid","https://www.googleapis.com/auth/cloudplatformprojects.readonly","https://www.googleapis.com/auth/firebase","https://www.googleapis.com/auth/cloud-platform"]
[debug] >>> HTTP REQUEST GET https://admin.firebase.com/v1/projects/blacklet-notebook  
 Sat May 20 2017 15:36:59 GMT-0400 (EDT)
[debug] <<< HTTP RESPONSE 200
[debug] >>> HTTP REQUEST GET https://admin.firebase.com/v1/database/blacklet-notebook/tokens  
 Sat May 20 2017 15:37:00 GMT-0400 (EDT)
[debug] <<< HTTP RESPONSE 200
[info] 
[info] === Deploying to 'blacklet-notebook'...
[info] 
[debug] TypeError: targetNames.join is not a function
    at deploy (/home/jordan/.config/yarn/global/node_modules/firebase-tools/lib/deploy/index.js:68:57)
    at Command._action (/home/jordan/.config/yarn/global/node_modules/firebase-tools/commands/deploy.js:47:12)
    at /home/jordan/.config/yarn/global/node_modules/firebase-tools/lib/command.js:176:29
    at tryCatch (/home/jordan/.config/yarn/global/node_modules/rsvp/dist/rsvp.js:539:12)
    at invokeCallback (/home/jordan/.config/yarn/global/node_modules/rsvp/dist/rsvp.js:554:13)
    at publish (/home/jordan/.config/yarn/global/node_modules/rsvp/dist/rsvp.js:522:7)
    at flush (/home/jordan/.config/yarn/global/node_modules/rsvp/dist/rsvp.js:2414:5)
    at _combinedTickCallback (internal/process/next_tick.js:73:7)
    at process._tickCallback (internal/process/next_tick.js:104:9)
[error] 
[error] Error: An unexpected error has occurred.
[debug] ----------------------------------------------------------------------
[debug] Command:      /home/jordan/.nvm/versions/node/v7.10.0/bin/node /home/jordan/.nvm/versions/node/v7.10.0/bin/firebase deploy
[debug] CLI Version:  3.9.0
[debug] Platform:     linux
[debug] Node Version: v7.10.0
[debug] Time:         Sat May 20 2017 15:37:11 GMT-0400 (EDT)
[debug] ----------------------------------------------------------------------
[debug] 
[debug] > command requires scopes: ["email","openid","https://www.googleapis.com/auth/cloudplatformprojects.readonly","https://www.googleapis.com/auth/firebase","https://www.googleapis.com/auth/cloud-platform"]
[debug] >>> HTTP REQUEST GET https://admin.firebase.com/v1/projects/blacklet-notebook  
 Sat May 20 2017 15:37:11 GMT-0400 (EDT)
[debug] <<< HTTP RESPONSE 200
[debug] >>> HTTP REQUEST GET https://admin.firebase.com/v1/database/blacklet-notebook/tokens  
 Sat May 20 2017 15:37:11 GMT-0400 (EDT)
[debug] <<< HTTP RESPONSE 200
[info] 
[info] === Deploying to 'blacklet-notebook'...
[info] 
[debug] TypeError: targetNames.join is not a function
    at deploy (/home/jordan/.config/yarn/global/node_modules/firebase-tools/lib/deploy/index.js:68:57)
    at Command._action (/home/jordan/.config/yarn/global/node_modules/firebase-tools/commands/deploy.js:47:12)
    at /home/jordan/.config/yarn/global/node_modules/firebase-tools/lib/command.js:176:29
    at tryCatch (/home/jordan/.config/yarn/global/node_modules/rsvp/dist/rsvp.js:539:12)
    at invokeCallback (/home/jordan/.config/yarn/global/node_modules/rsvp/dist/rsvp.js:554:13)
    at publish (/home/jordan/.config/yarn/global/node_modules/rsvp/dist/rsvp.js:522:7)
    at flush (/home/jordan/.config/yarn/global/node_modules/rsvp/dist/rsvp.js:2414:5)
    at _combinedTickCallback (internal/process/next_tick.js:73:7)
    at process._tickCallback (internal/process/next_tick.js:104:9)
[error] 
[error] Error: An unexpected error has occurred.
[debug] ----------------------------------------------------------------------
[debug] Command:      /home/jordan/.nvm/versions/node/v7.10.0/bin/node /home/jordan/.nvm/versions/node/v7.10.0/bin/firebase deploy
[debug] CLI Version:  3.9.0
[debug] Platform:     linux
[debug] Node Version: v7.10.0
[debug] Time:         Sat May 20 2017 15:38:37 GMT-0400 (EDT)
[debug] ----------------------------------------------------------------------
[debug] 
[debug] > command requires scopes: ["email","openid","https://www.googleapis.com/auth/cloudplatformprojects.readonly","https://www.googleapis.com/auth/firebase","https://www.googleapis.com/auth/cloud-platform"]
[debug] >>> HTTP REQUEST GET https://admin.firebase.com/v1/projects/blacklet-notebook  
 Sat May 20 2017 15:38:37 GMT-0400 (EDT)
[debug] <<< HTTP RESPONSE 200
[debug] >>> HTTP REQUEST GET https://admin.firebase.com/v1/database/blacklet-notebook/tokens  
 Sat May 20 2017 15:38:37 GMT-0400 (EDT)
[debug] <<< HTTP RESPONSE 200
[info] 
[info] === Deploying to 'blacklet-notebook'...
[info] 
[info] i  deploying hosting
[info] i  hosting: preparing _site directory for upload...
[debug] >>> HTTP REQUEST PUT https://deploy.firebase.com/v1/hosting/blacklet-notebook/uploads/-KkbMb0gOd32aVkT6rz4?fileCount=555&message=  
 Sat May 20 2017 15:38:51 GMT-0400 (EDT)
[debug] ----------------------------------------------------------------------
[debug] Command:      /home/jordan/.nvm/versions/node/v7.10.0/bin/node /home/jordan/.nvm/versions/node/v7.10.0/bin/firebase deploy
[debug] CLI Version:  3.9.0
[debug] Platform:     linux
[debug] Node Version: v7.10.0
[debug] Time:         Sat May 20 2017 15:40:54 GMT-0400 (EDT)
[debug] ----------------------------------------------------------------------
[debug] 
[debug] > command requires scopes: ["email","openid","https://www.googleapis.com/auth/cloudplatformprojects.readonly","https://www.googleapis.com/auth/firebase","https://www.googleapis.com/auth/cloud-platform"]
[debug] >>> HTTP REQUEST GET https://admin.firebase.com/v1/projects/blacklet-notebook  
 Sat May 20 2017 15:40:54 GMT-0400 (EDT)
[debug] <<< HTTP RESPONSE 200
[debug] >>> HTTP REQUEST GET https://admin.firebase.com/v1/database/blacklet-notebook/tokens  
 Sat May 20 2017 15:40:57 GMT-0400 (EDT)
[debug] <<< HTTP RESPONSE 200
